#Packing pin usage report
Type: io
	Input Pin Usage:
		Max: 1.00 (1.00)
		Avg: 0.33 (0.33)
		Min: 0.00 (0.00)
		Histogram:
		[        0:      0.1) 259 ( 66.8%) |***********************************************
		[      0.1:      0.2)   0 (  0.0%) |
		[      0.2:      0.3)   0 (  0.0%) |
		[      0.3:      0.4)   0 (  0.0%) |
		[      0.4:      0.5)   0 (  0.0%) |
		[      0.5:      0.6)   0 (  0.0%) |
		[      0.6:      0.7)   0 (  0.0%) |
		[      0.7:      0.8)   0 (  0.0%) |
		[      0.8:      0.9)   0 (  0.0%) |
		[      0.9:        1) 129 ( 33.2%) |***********************
	Output Pin Usage:
		Max: 1.00 (1.00)
		Avg: 0.67 (0.67)
		Min: 0.00 (0.00)
		Histogram:
		[        0:      0.1) 129 ( 33.2%) |***********************
		[      0.1:      0.2)   0 (  0.0%) |
		[      0.2:      0.3)   0 (  0.0%) |
		[      0.3:      0.4)   0 (  0.0%) |
		[      0.4:      0.5)   0 (  0.0%) |
		[      0.5:      0.6)   0 (  0.0%) |
		[      0.6:      0.7)   0 (  0.0%) |
		[      0.7:      0.8)   0 (  0.0%) |
		[      0.8:      0.9)   0 (  0.0%) |
		[      0.9:        1) 259 ( 66.8%) |***********************************************

Type: clb
	Input Pin Usage:
		Max: 33.00 (0.80)
		Avg: 17.42 (0.42)
		Min: 3.00 (0.07)
		Histogram:
		[        0:      4.1) 17 (  9.4%) |*****************
		[      4.1:      8.2) 11 (  6.1%) |***********
		[      8.2:       12)  9 (  5.0%) |*********
		[       12:       16) 33 ( 18.2%) |********************************
		[       16:       20) 49 ( 27.1%) |************************************************
		[       20:       25) 36 ( 19.9%) |***********************************
		[       25:       29) 18 (  9.9%) |******************
		[       29:       33)  2 (  1.1%) |**
		[       33:       37)  6 (  3.3%) |******
		[       37:       41)  0 (  0.0%) |
	Output Pin Usage:
		Max: 10.00 (0.50)
		Avg: 5.65 (0.28)
		Min: 1.00 (0.05)
		Histogram:
		[        0:        2) 21 ( 11.6%) |*********************
		[        2:        4) 48 ( 26.5%) |************************************************
		[        4:        6) 42 ( 23.2%) |******************************************
		[        6:        8) 32 ( 17.7%) |********************************
		[        8:       10) 38 ( 21.0%) |**************************************
		[       10:       12)  0 (  0.0%) |
		[       12:       14)  0 (  0.0%) |
		[       14:       16)  0 (  0.0%) |
		[       16:       18)  0 (  0.0%) |
		[       18:       20)  0 (  0.0%) |

