#Packing pin usage report
Type: io
	Input Pin Usage:
		Max: 1.00 (1.00)
		Avg: 0.44 (0.44)
		Min: 0.00 (0.00)
		Histogram:
		[        0:      0.1) 40 ( 55.6%) |************************************************
		[      0.1:      0.2)  0 (  0.0%) |
		[      0.2:      0.3)  0 (  0.0%) |
		[      0.3:      0.4)  0 (  0.0%) |
		[      0.4:      0.5)  0 (  0.0%) |
		[      0.5:      0.6)  0 (  0.0%) |
		[      0.6:      0.7)  0 (  0.0%) |
		[      0.7:      0.8)  0 (  0.0%) |
		[      0.8:      0.9)  0 (  0.0%) |
		[      0.9:        1) 32 ( 44.4%) |**************************************
	Output Pin Usage:
		Max: 1.00 (1.00)
		Avg: 0.56 (0.56)
		Min: 0.00 (0.00)
		Histogram:
		[        0:      0.1) 32 ( 44.4%) |**************************************
		[      0.1:      0.2)  0 (  0.0%) |
		[      0.2:      0.3)  0 (  0.0%) |
		[      0.3:      0.4)  0 (  0.0%) |
		[      0.4:      0.5)  0 (  0.0%) |
		[      0.5:      0.6)  0 (  0.0%) |
		[      0.6:      0.7)  0 (  0.0%) |
		[      0.7:      0.8)  0 (  0.0%) |
		[      0.8:      0.9)  0 (  0.0%) |
		[      0.9:        1) 40 ( 55.6%) |************************************************

Type: clb
	Input Pin Usage:
		Max: 23.00 (0.56)
		Avg: 18.67 (0.46)
		Min: 14.00 (0.34)
		Histogram:
		[        0:      4.1) 0 (  0.0%) |
		[      4.1:      8.2) 0 (  0.0%) |
		[      8.2:       12) 0 (  0.0%) |
		[       12:       16) 1 ( 16.7%) |************
		[       16:       20) 4 ( 66.7%) |*************************************************
		[       20:       25) 1 ( 16.7%) |************
		[       25:       29) 0 (  0.0%) |
		[       29:       33) 0 (  0.0%) |
		[       33:       37) 0 (  0.0%) |
		[       37:       41) 0 (  0.0%) |
	Output Pin Usage:
		Max: 9.00 (0.45)
		Avg: 6.33 (0.32)
		Min: 4.00 (0.20)
		Histogram:
		[        0:        2) 0 (  0.0%) |
		[        2:        4) 2 ( 33.3%) |*************************************************
		[        4:        6) 1 ( 16.7%) |*************************
		[        6:        8) 2 ( 33.3%) |*************************************************
		[        8:       10) 1 ( 16.7%) |*************************
		[       10:       12) 0 (  0.0%) |
		[       12:       14) 0 (  0.0%) |
		[       14:       16) 0 (  0.0%) |
		[       16:       18) 0 (  0.0%) |
		[       18:       20) 0 (  0.0%) |

