#Packing pin usage report
Type: io
	Input Pin Usage:
		Max: 1.00 (1.00)
		Avg: 0.33 (0.33)
		Min: 0.00 (0.00)
		Histogram:
		[        0:      0.1) 259 ( 66.8%) |***********************************************
		[      0.1:      0.2)   0 (  0.0%) |
		[      0.2:      0.3)   0 (  0.0%) |
		[      0.3:      0.4)   0 (  0.0%) |
		[      0.4:      0.5)   0 (  0.0%) |
		[      0.5:      0.6)   0 (  0.0%) |
		[      0.6:      0.7)   0 (  0.0%) |
		[      0.7:      0.8)   0 (  0.0%) |
		[      0.8:      0.9)   0 (  0.0%) |
		[      0.9:        1) 129 ( 33.2%) |***********************
	Output Pin Usage:
		Max: 1.00 (1.00)
		Avg: 0.67 (0.67)
		Min: 0.00 (0.00)
		Histogram:
		[        0:      0.1) 129 ( 33.2%) |***********************
		[      0.1:      0.2)   0 (  0.0%) |
		[      0.2:      0.3)   0 (  0.0%) |
		[      0.3:      0.4)   0 (  0.0%) |
		[      0.4:      0.5)   0 (  0.0%) |
		[      0.5:      0.6)   0 (  0.0%) |
		[      0.6:      0.7)   0 (  0.0%) |
		[      0.7:      0.8)   0 (  0.0%) |
		[      0.8:      0.9)   0 (  0.0%) |
		[      0.9:        1) 259 ( 66.8%) |***********************************************

Type: clb
	Input Pin Usage:
		Max: 33.00 (0.80)
		Avg: 16.29 (0.40)
		Min: 3.00 (0.07)
		Histogram:
		[        0:      4.1) 29 ( 14.9%) |**********************************
		[      4.1:      8.2) 14 (  7.2%) |****************
		[      8.2:       12) 14 (  7.2%) |****************
		[       12:       16) 34 ( 17.4%) |****************************************
		[       16:       20) 41 ( 21.0%) |************************************************
		[       20:       25) 35 ( 17.9%) |*****************************************
		[       25:       29) 15 (  7.7%) |******************
		[       29:       33)  6 (  3.1%) |*******
		[       33:       37)  7 (  3.6%) |********
		[       37:       41)  0 (  0.0%) |
	Output Pin Usage:
		Max: 10.00 (0.50)
		Avg: 5.44 (0.27)
		Min: 1.00 (0.05)
		Histogram:
		[        0:        2) 32 ( 16.4%) |*******************************
		[        2:        4) 49 ( 25.1%) |************************************************
		[        4:        6) 44 ( 22.6%) |*******************************************
		[        6:        8) 26 ( 13.3%) |*************************
		[        8:       10) 44 ( 22.6%) |*******************************************
		[       10:       12)  0 (  0.0%) |
		[       12:       14)  0 (  0.0%) |
		[       14:       16)  0 (  0.0%) |
		[       16:       18)  0 (  0.0%) |
		[       18:       20)  0 (  0.0%) |

